<?xml version="1.0" encoding="UTF-8"?>
<!-- Generated by org.testng.reporters.JUnitReportReporter -->
<testsuite skipped="0" hostname="DESKTOP-ULQ9CNH" name="scripts.TestValidLogin" tests="1" failures="0" timestamp="15 Feb 2018 06:11:29 GMT" time="21.336" errors="0">
  <testcase name="testValidLogin" time="21.336" classname="scripts.TestValidLogin"/>
</testsuite> <!-- scripts.TestValidLogin -->
