<?xml version="1.0" encoding="UTF-8"?>
<!-- Generated by org.testng.reporters.JUnitReportReporter -->
<testsuite skipped="0" hostname="DESKTOP-ULQ9CNH" name="scripts.TestInvalidLogin" tests="1" failures="0" timestamp="15 Feb 2018 06:12:10 GMT" time="34.432" errors="0">
  <testcase name="testInvalidLogin" time="34.432" classname="scripts.TestInvalidLogin"/>
</testsuite> <!-- scripts.TestInvalidLogin -->
